[debug] [2022-01-02T02:51:21.650Z] ----------------------------------------------------------------------
[debug] [2022-01-02T02:51:21.651Z] Command:       C:\Program Files\nodejs\node.exe C:\Users\juans\AppData\Roaming\npm\node_modules\firebase-tools\lib\bin\firebase.js init
[debug] [2022-01-02T02:51:21.652Z] CLI Version:   10.0.1
[debug] [2022-01-02T02:51:21.652Z] Platform:      win32
[debug] [2022-01-02T02:51:21.652Z] Node Version:  v16.8.0
[debug] [2022-01-02T02:51:21.652Z] Time:          Sat Jan 01 2022 21:51:21 GMT-0500 (Colombia Standard Time)
[debug] [2022-01-02T02:51:21.653Z] ----------------------------------------------------------------------
[debug] 
[debug] [2022-01-02T02:51:21.658Z] > command requires scopes: ["email","openid","https://www.googleapis.com/auth/cloudplatformprojects.readonly","https://www.googleapis.com/auth/firebase","https://www.googleapis.com/auth/cloud-platform"]
[debug] [2022-01-02T02:51:21.658Z] > authorizing via signed-in user (jscrojas251@gmail.com)
[info] 
     ######## #### ########  ######## ########     ###     ######  ########
     ##        ##  ##     ## ##       ##     ##  ##   ##  ##       ##
     ######    ##  ########  ######   ########  #########  ######  ######
     ##        ##  ##    ##  ##       ##     ## ##     ##       ## ##
     ##       #### ##     ## ######## ########  ##     ##  ######  ########

You're about to initialize a Firebase project in this directory:

  F:\Programacion\sofka\New folder\chatty

[debug] [2022-01-02T02:56:14.841Z] ----------------------------------------------------------------------
[debug] [2022-01-02T02:56:14.842Z] Command:       C:\Program Files\nodejs\node.exe C:\Users\juans\AppData\Roaming\npm\node_modules\firebase-tools\lib\bin\firebase.js init
[debug] [2022-01-02T02:56:14.843Z] CLI Version:   10.0.1
[debug] [2022-01-02T02:56:14.843Z] Platform:      win32
[debug] [2022-01-02T02:56:14.843Z] Node Version:  v16.8.0
[debug] [2022-01-02T02:56:14.843Z] Time:          Sat Jan 01 2022 21:56:14 GMT-0500 (Colombia Standard Time)
[debug] [2022-01-02T02:56:14.844Z] ----------------------------------------------------------------------
[debug] 
[debug] [2022-01-02T02:56:14.849Z] > command requires scopes: ["email","openid","https://www.googleapis.com/auth/cloudplatformprojects.readonly","https://www.googleapis.com/auth/firebase","https://www.googleapis.com/auth/cloud-platform"]
[debug] [2022-01-02T02:56:14.849Z] > authorizing via signed-in user (jscrojas251@gmail.com)
[info] 
     ######## #### ########  ######## ########     ###     ######  ########
     ##        ##  ##     ## ##       ##     ##  ##   ##  ##       ##
     ######    ##  ########  ######   ########  #########  ######  ######
     ##        ##  ##    ##  ##       ##     ## ##     ##       ## ##
     ##       #### ##     ## ######## ########  ##     ##  ######  ########

You're about to initialize a Firebase project in this directory:

  F:\Programacion\sofka\New folder\chatty

